<?xml version="1.0" encoding="UTF-8"?>
<testsuite xmlns:xsi="http://www.w3.org/2001/XMLSchema-instance" xsi:noNamespaceSchemaLocation="https://maven.apache.org/surefire/maven-surefire-plugin/xsd/surefire-test-report.xsd" name="BotAplTest" time="0.264" tests="1" errors="1" skipped="0" failures="0">
  <properties>
[...]
</properties>
  <testcase name="BotAplTest" classname="BotAplTest" time="0.262">
    <error message="Unable to find a @SpringBootConfiguration, you need to use @ContextConfiguration or @SpringBootTest(classes=...) with your test" type="java.lang.IllegalStateException">java.lang.IllegalStateException: Unable to find a @SpringBootConfiguration, you need to use @ContextConfiguration or @SpringBootTest(classes=...) with your test
</error>
    <system-out><![CDATA[18:17:17.456 [main] DEBUG org.springframework.test.context.BootstrapUtils - Instantiating CacheAwareContextLoaderDelegate from class [org.springframework.test.context.cache.DefaultCacheAwareContextLoaderDelegate]
18:17:17.474 [main] DEBUG org.springframework.test.context.BootstrapUtils - Instantiating BootstrapContext using constructor [public org.springframework.test.context.support.DefaultBootstrapContext(java.lang.Class,org.springframework.test.context.CacheAwareContextLoaderDelegate)]
18:17:17.526 [main] DEBUG org.springframework.test.context.BootstrapUtils - Instantiating TestContextBootstrapper for test class [BotAplTest] from class [org.springframework.boot.test.context.SpringBootTestContextBootstrapper]
18:17:17.541 [main] INFO org.springframework.boot.test.context.SpringBootTestContextBootstrapper - Neither @ContextConfiguration nor @ContextHierarchy found for test class [BotAplTest], using SpringBootContextLoader
18:17:17.546 [main] DEBUG org.springframework.test.context.support.AbstractContextLoader - Did not detect default resource location for test class [BotAplTest]: class path resource [BotAplTest-context.xml] does not exist
18:17:17.546 [main] DEBUG org.springframework.test.context.support.AbstractContextLoader - Did not detect default resource location for test class [BotAplTest]: class path resource [BotAplTestContext.groovy] does not exist
18:17:17.546 [main] INFO org.springframework.test.context.support.AbstractContextLoader - Could not detect default resource locations for test class [BotAplTest]: no resource found for suffixes {-context.xml, Context.groovy}.
18:17:17.547 [main] INFO org.springframework.test.context.support.AnnotationConfigContextLoaderUtils - Could not detect default configuration classes for test class [BotAplTest]: BotAplTest does not declare any static, non-private, non-final, nested classes annotated with @Configuration.
18:17:17.611 [main] DEBUG org.springframework.test.context.support.ActiveProfilesUtils - Could not find an 'annotation declaring class' for annotation type [org.springframework.test.context.ActiveProfiles] and class [BotAplTest]
]]></system-out>
  </testcase>
</testsuite>